### echo snippy 4.6.0
### cd /home/CSCScience.ca/apetkau/workspace/thesis-data-simulation/jackalope/small/phylogeny

### /home/CSCScience.ca/apetkau/miniconda3/envs/snippy/bin/snippy --outdir SampleA --R1 /home/CSCScience.ca/apetkau/workspace/thesis-data-simulation/jackalope/small/output/SampleA_R1.fq.gz --R2 /home/CSCScience.ca/apetkau/workspace/thesis-data-simulation/jackalope/small/output/SampleA_R2.fq.gz --reference /home/CSCScience.ca/apetkau/workspace/thesis-data-simulation/jackalope/small/input/genome.fasta --cpus 6

### samtools faidx reference/ref.fa


### bwa index reference/ref.fa

[bwa_index] Pack FASTA... 0.00 sec
[bwa_index] Construct BWT for the packed sequence...
[bwa_index] 0.00 seconds elapse.
[bwa_index] Update BWT... 0.00 sec
[bwa_index] Pack forward-only FASTA... 0.00 sec
[bwa_index] Construct SA from BWT and Occ... 0.00 sec
[main] Version: 0.7.17-r1188
[main] CMD: bwa index reference/ref.fa
[main] Real time: 0.070 sec; CPU: 0.009 sec

### mkdir -p reference/genomes && cp -f reference/ref.fa reference/genomes/ref.fa


### ln -sf reference/ref.fa .


### ln -sf reference/ref.fa.fai .


### mkdir -p reference/ref && gzip -c reference/ref.gff > reference/ref/genes.gff.gz


### bwa mem  -Y -M -R '@RG\tID:SampleA\tSM:SampleA' -t 6 reference/ref.fa /home/CSCScience.ca/apetkau/workspace/thesis-data-simulation/jackalope/small/output/SampleA_R1.fq.gz /home/CSCScience.ca/apetkau/workspace/thesis-data-simulation/jackalope/small/output/SampleA_R2.fq.gz | samclip --max 10 --ref reference/ref.fa.fai | samtools sort -n -l 0 -T /tmp --threads 2 -m 2666M | samtools fixmate -m --threads 2 - - | samtools sort -l 0 -T /tmp --threads 2 -m 2666M | samtools markdup -T /tmp --threads 2 -r -s - - > snps.bam

COMMAND: samtools markdup -T /tmp --threads 2 -r -s - -
READ: 605
WRITTEN: 595
EXCLUDED: 0
EXAMINED: 605
PAIRED: 590
SINGLE: 15
DUPLICATE PAIR: 10
DUPLICATE SINGLE: 0
DUPLICATE PAIR OPTICAL: 0
DUPLICATE SINGLE OPTICAL: 0
DUPLICATE NON PRIMARY: 0
DUPLICATE NON PRIMARY OPTICAL: 0
DUPLICATE PRIMARY TOTAL: 10
DUPLICATE TOTAL: 10
ESTIMATED_LIBRARY_SIZE: 8603

### samtools index snps.bam


### fasta_generate_regions.py reference/ref.fa.fai 1000 > reference/ref.txt


### freebayes-parallel reference/ref.txt 6 -p 2 -P 0 -C 2 -F 0.05 --min-coverage 10 --min-repeat-entropy 1.0 -q 13 -m 60 --strict-vcf   -f reference/ref.fa snps.bam > snps.raw.vcf


### bcftools view --include 'FMT/GT="1/1" && QUAL>=100 && FMT/DP>=10 && (FMT/AO)/(FMT/DP)>=0' snps.raw.vcf  | vt normalize -r reference/ref.fa - | bcftools annotate --remove '^INFO/TYPE,^INFO/DP,^INFO/RO,^INFO/AO,^INFO/AB,^FORMAT/GT,^FORMAT/DP,^FORMAT/RO,^FORMAT/AO,^FORMAT/QR,^FORMAT/QA,^FORMAT/GL' > snps.filt.vcf


### cp snps.filt.vcf snps.vcf


### /home/CSCScience.ca/apetkau/miniconda3/envs/snippy/bin/snippy-vcf_to_tab --gff reference/ref.gff --ref reference/ref.fa --vcf snps.vcf > snps.tab

Loading reference: reference/ref.fa
Loaded 1 sequences.
Loading features: reference/ref.gff
Parsing variants: snps.vcf
Converted 46 SNPs to TAB format.

### /home/CSCScience.ca/apetkau/miniconda3/envs/snippy/bin/snippy-vcf_extract_subs snps.filt.vcf > snps.subs.vcf


### bcftools convert -Oz -o snps.vcf.gz snps.vcf


### bcftools index -f snps.vcf.gz


### bcftools consensus --sample SampleA -f reference/ref.fa -o snps.consensus.fa snps.vcf.gz

Applied 46 variants

### bcftools convert -Oz -o snps.subs.vcf.gz snps.subs.vcf


### bcftools index -f snps.subs.vcf.gz


### bcftools consensus --sample SampleA -f reference/ref.fa -o snps.consensus.subs.fa snps.subs.vcf.gz

Applied 27 variants

### rm -f snps.subs.vcf.gz snps.subs.vcf.gz.csi snps.subs.vcf.gz.tbi

